  liquid.cpp
  main.cpp
C:\Users\2190028\Documents\Liquid\Liquid\main.cpp(98,26): warning C4805: '==': 演算中の 'int' 型と 'bool' 型の混用は安全ではありません
C:\Users\2190028\Documents\Liquid\Liquid\main.cpp(161,24): warning C4805: '==': 演算中の 'int' 型と 'bool' 型の混用は安全ではありません
C:\Users\2190028\Documents\Liquid\Liquid\main.cpp(418,24): warning C4805: '==': 演算中の 'int' 型と 'bool' 型の混用は安全ではありません
C:\Users\2190028\Documents\Liquid\Liquid\main.cpp(495,46): warning C4244: '引数': 'float' から 'int' への変換です。データが失われる可能性があります。
C:\Users\2190028\Documents\Liquid\Liquid\main.cpp(500,38): warning C4244: '引数': 'int' から 'float' への変換です。データが失われる可能性があります。
C:\Users\2190028\Documents\Liquid\Liquid\main.cpp(505,60): warning C4244: '引数': 'int' から 'float' への変換です。データが失われる可能性があります。
C:\Users\2190028\Documents\Liquid\Liquid\main.cpp(510,39): warning C4244: '=': 'int' から 'float' への変換です。データが失われる可能性があります。
  player.cpp
  relative.cpp
C:\Users\2190028\Documents\Liquid\Liquid\relative.cpp(9,5): warning C4102: 'Map': ラベルは 1 度も参照されません。
  scene_choice.cpp
C:\Users\2190028\Documents\Liquid\Liquid\scene_choice.cpp(23,42): warning C4244: '引数': 'int' から 'float' への変換です。データが失われる可能性があります。
C:\Users\2190028\Documents\Liquid\Liquid\scene_choice.cpp(23,25): warning C4244: '引数': 'int' から 'float' への変換です。データが失われる可能性があります。
C:\Users\2190028\Documents\Liquid\Liquid\scene_choice.cpp(277,30): warning C4244: '引数': 'int' から 'float' への変換です。データが失われる可能性があります。
C:\Users\2190028\Documents\Liquid\Liquid\scene_choice.cpp(296,30): warning C4244: '引数': 'int' から 'float' への変換です。データが失われる可能性があります。
C:\Users\2190028\Documents\Liquid\Liquid\scene_choice.cpp(319,76): warning C4244: '引数': 'float' から 'int' への変換です。データが失われる可能性があります。
  scene_game.cpp
C:\Users\2190028\Documents\Liquid\Liquid\scene_game.cpp(20,38): warning C4244: '引数': 'int' から 'float' への変換です。データが失われる可能性があります。
C:\Users\2190028\Documents\Liquid\Liquid\scene_game.cpp(20,23): warning C4244: '引数': 'int' から 'float' への変換です。データが失われる可能性があります。
  scene_stageLoad.cpp
  scene_title.cpp
C:\Users\2190028\Documents\Liquid\Liquid\scene_title.cpp(19,40): warning C4244: '引数': 'int' から 'float' への変換です。データが失われる可能性があります。
C:\Users\2190028\Documents\Liquid\Liquid\scene_title.cpp(19,24): warning C4244: '引数': 'int' から 'float' への変換です。データが失われる可能性があります。
  system.cpp
  コード生成しています。
  2 of 248 functions ( 0.8%) were compiled, the rest were copied from previous compilation.
    0 functions were new in current compilation
    1 functions had inline decision re-evaluated but remain unchanged
  コード生成が終了しました。
  VisualStudio_2019用.vcxproj -> C:\Users\2190028\Documents\Liquid\Liquid\x64\Release\Liquid.exe
